<?xml version="1.0" encoding="UTF-8"?>
<!-- Generated by org.testng.reporters.JUnitReportReporter -->
<testsuite hostname="MSI" name="com.LoginFunctionalityOfGmailApplication.Login" tests="1" failures="0" timestamp="17 Dec 2022 05:54:56 GMT" time="0.215" errors="0">
  <testcase name="Gmaillogin" time="0.215" classname="com.LoginFunctionalityOfGmailApplication.Login"/>
</testsuite> <!-- com.LoginFunctionalityOfGmailApplication.Login -->
