<?xml version="1.0" encoding="UTF-8"?>
<!-- Generated by org.testng.reporters.JUnitReportReporter -->
<testsuite hostname="MSI" name="com.OHRMApplication.LogoutPageFuntionality" tests="4" failures="0" timestamp="12 Dec 2022 18:20:43 GMT" time="104.494" errors="0">
  <testcase name="logOut" time="50.247" classname="com.OHRMApplication.LogoutPageFuntionality"/>
  <testcase name="OHRM_Homepage" time="10.287" classname="com.OHRMApplication.LogoutPageFuntionality"/>
  <testcase name="loginFunctionalityOfOHRM" time="43.346" classname="com.OHRMApplication.LogoutPageFuntionality"/>
  <testcase name="ValidatingLoginPage" time="0.614" classname="com.OHRMApplication.LogoutPageFuntionality"/>
</testsuite> <!-- com.OHRMApplication.LogoutPageFuntionality -->
