<?xml version="1.0" encoding="UTF-8"?>
<!-- Generated by org.testng.reporters.JUnitReportReporter -->
<testsuite hostname="MSI" name="com.WebTable.CapturingWebTableData$CapturingFirstColumn" tests="1" failures="0" timestamp="10 Dec 2022 12:25:41 GMT" time="13.770" errors="0">
  <testcase name="CapturingFirstColumnData" time="13.770" classname="com.WebTable.CapturingWebTableData$CapturingFirstColumn"/>
</testsuite> <!-- com.WebTable.CapturingWebTableData$CapturingFirstColumn -->
