<?xml version="1.0" encoding="UTF-8"?>
<!-- Generated by org.testng.reporters.JUnitReportReporter -->
<testsuite hostname="MSI" name="com.OHRMApplication.LoginFunctionalityWithMultipleData" tests="1" failures="0" timestamp="12 Dec 2022 16:11:41 GMT" time="15.676" errors="0">
  <testcase name="oHRMLogin" time="15.676" classname="com.OHRMApplication.LoginFunctionalityWithMultipleData"/>
</testsuite> <!-- com.OHRMApplication.LoginFunctionalityWithMultipleData -->
