<?xml version="1.0" encoding="UTF-8"?>
<!-- Generated by org.testng.reporters.JUnitReportReporter -->
<testsuite hostname="MSI" name="com.RediffMail.RediffMailNameValidation" tests="1" failures="0" timestamp="17 Dec 2022 05:46:53 GMT" time="0.131" errors="0">
  <testcase name="ReddifMailName" time="0.131" classname="com.RediffMail.RediffMailNameValidation"/>
</testsuite> <!-- com.RediffMail.RediffMailNameValidation -->
