<?xml version="1.0" encoding="UTF-8"?>
<!-- Generated by org.testng.reporters.JUnitReportReporter -->
<testsuite hostname="MSI" name="com.RadioButtonClick.RadioButtonTesting" tests="1" failures="0" timestamp="19 Dec 2022 11:46:32 GMT" time="15.914" errors="0">
  <testcase name="RadioButton" time="15.914" classname="com.RadioButtonClick.RadioButtonTesting"/>
</testsuite> <!-- com.RadioButtonClick.RadioButtonTesting -->
