<?xml version="1.0" encoding="UTF-8"?>
<!-- Generated by org.testng.reporters.JUnitReportReporter -->
<testsuite hostname="MSI" name="com.OHRMApplication.ValidatingHomePageOfOHRM" tests="3" failures="0" timestamp="13 Dec 2022 06:46:13 GMT" time="54.208" errors="0">
  <testcase name="ValidatingLoginPage" time="0.564" classname="com.OHRMApplication.ValidatingHomePageOfOHRM"/>
  <testcase name="OHRM_Homepage" time="10.343" classname="com.OHRMApplication.ValidatingHomePageOfOHRM"/>
  <testcase name="loginFunctionalityOfOHRM" time="43.301" classname="com.OHRMApplication.ValidatingHomePageOfOHRM"/>
</testsuite> <!-- com.OHRMApplication.ValidatingHomePageOfOHRM -->
