<?xml version="1.0" encoding="UTF-8"?>
<!-- Generated by org.testng.reporters.JUnitReportReporter -->
<testsuite hostname="MSI" name="com.OHRMApplication.LoginFunctionality" tests="2" failures="0" timestamp="13 Dec 2022 06:44:22 GMT" time="43.930" errors="0">
  <testcase name="ValidatingLoginPage" time="0.615" classname="com.OHRMApplication.LoginFunctionality"/>
  <testcase name="loginFunctionalityOfOHRM" time="43.315" classname="com.OHRMApplication.LoginFunctionality"/>
</testsuite> <!-- com.OHRMApplication.LoginFunctionality -->
