<?xml version="1.0" encoding="UTF-8"?>
<!-- Generated by org.testng.reporters.JUnitReportReporter -->
<testsuite hostname="MSI" name="com.OHRMApplication.LoginPageUsingIF" tests="1" failures="0" timestamp="13 Dec 2022 06:50:53 GMT" time="15.669" errors="0">
  <testcase name="oHRMLogin" time="15.669" classname="com.OHRMApplication.LoginPageUsingIF"/>
</testsuite> <!-- com.OHRMApplication.LoginPageUsingIF -->
