<?xml version="1.0" encoding="UTF-8"?>
<!-- Generated by org.testng.reporters.JUnitReportReporter -->
<testsuite hostname="MSI" name="com.OHRMApplication.VallidatingLoginPage" tests="1" failures="0" timestamp="13 Dec 2022 06:43:03 GMT" time="0.639" errors="0">
  <testcase name="ValidatingLoginPage" time="0.639" classname="com.OHRMApplication.VallidatingLoginPage"/>
</testsuite> <!-- com.OHRMApplication.VallidatingLoginPage -->
