<?xml version="1.0" encoding="UTF-8"?>
<!-- Generated by org.testng.reporters.JUnitReportReporter -->
<testsuite hostname="MSI" name="com.WebTable.FirstRowOFFirstCellData" tests="1" failures="0" timestamp="10 Dec 2022 06:02:26 GMT" time="0.036" errors="0">
  <testcase name="FirstRowOFFirstCellValue" time="0.036" classname="com.WebTable.FirstRowOFFirstCellData"/>
</testsuite> <!-- com.WebTable.FirstRowOFFirstCellData -->
