<?xml version="1.0" encoding="UTF-8"?>
<!-- Generated by org.testng.reporters.JUnitReportReporter -->
<testsuite hostname="MSI" name="com.WebTable.DynamicWebTable" tests="1" failures="0" timestamp="14 Dec 2022 18:24:50 GMT" time="6.527" errors="0">
  <testcase name="capturingDynamicWebTableData" time="6.527" classname="com.WebTable.DynamicWebTable"/>
</testsuite> <!-- com.WebTable.DynamicWebTable -->
