<?xml version="1.0" encoding="UTF-8"?>
<!-- Generated by org.testng.reporters.JUnitReportReporter -->
<testsuite hostname="MSI" name="com.JQueryDragAndDrop.DragAndDrop" tests="1" failures="0" timestamp="20 Dec 2022 11:17:42 GMT" time="0.425" errors="0">
  <testcase name="DragAndDropTest" time="0.425" classname="com.JQueryDragAndDrop.DragAndDrop"/>
</testsuite> <!-- com.JQueryDragAndDrop.DragAndDrop -->
