<?xml version="1.0" encoding="UTF-8"?>
<!-- Generated by org.testng.reporters.JUnitReportReporter -->
<testsuite hostname="MSI" name="com.OHRMApplication.LoginPage" tests="1" failures="0" timestamp="13 Dec 2022 07:07:38 GMT" time="65.698" errors="0">
  <testcase name="oHRMLogin" time="65.698" classname="com.OHRMApplication.LoginPage"/>
</testsuite> <!-- com.OHRMApplication.LoginPage -->
