<?xml version="1.0" encoding="UTF-8"?>
<!-- Generated by org.testng.reporters.JUnitReportReporter -->
<testsuite hostname="MSI" name="com.OHRMApplication.ValidatingAddEmployeePageText" tests="3" failures="0" timestamp="13 Dec 2022 06:35:59 GMT" time="46.149" errors="0">
  <testcase name="AddEmployeePage" time="2.324" classname="com.OHRMApplication.ValidatingAddEmployeePageText"/>
  <testcase name="ValidatingLoginPage" time="0.566" classname="com.OHRMApplication.ValidatingAddEmployeePageText"/>
  <testcase name="loginFunctionalityOfOHRM" time="43.259" classname="com.OHRMApplication.ValidatingAddEmployeePageText"/>
</testsuite> <!-- com.OHRMApplication.ValidatingAddEmployeePageText -->
