<?xml version="1.0" encoding="UTF-8"?>
<!-- Generated by org.testng.reporters.JUnitReportReporter -->
<testsuite hostname="MSI" name="com.TestNG.Annotations" tests="2" failures="0" timestamp="9 Dec 2022 12:38:11 GMT" time="0.007" errors="0">
  <testcase name="Compose" time="0.000" classname="com.TestNG.Annotations"/>
  <testcase name="inbox" time="0.007" classname="com.TestNG.Annotations"/>
</testsuite> <!-- com.TestNG.Annotations -->
