<?xml version="1.0" encoding="UTF-8"?>
<!-- Generated by org.testng.reporters.JUnitReportReporter -->
<testsuite hostname="MSI" name="com.WebTable.BaseTest" tests="1" failures="0" timestamp="10 Dec 2022 05:53:03 GMT" time="28.324" errors="0">
  <testcase name="applicationLaunch" time="28.324" classname="com.WebTable.BaseTest"/>
</testsuite> <!-- com.WebTable.BaseTest -->
