<?xml version="1.0" encoding="UTF-8"?>
<!-- Generated by org.testng.reporters.JUnitReportReporter -->
<testsuite hostname="MSI" name="com.EmployeeList.EmployeeData" tests="5" failures="0" timestamp="14 Dec 2022 18:46:58 GMT" time="115.765" errors="0">
  <testcase name="ValidatingEmloyeeList" time="2.064" classname="com.EmployeeList.EmployeeData"/>
  <testcase name="ValidatingLoginPage" time="0.551" classname="com.EmployeeList.EmployeeData"/>
  <testcase name="loginFunctionalityOfOHRM" time="1.037" classname="com.EmployeeList.EmployeeData"/>
  <testcase name="OHRM_Homepage" time="7.744" classname="com.EmployeeList.EmployeeData"/>
  <testcase name="employeeDataWrite" time="104.369" classname="com.EmployeeList.EmployeeData"/>
</testsuite> <!-- com.EmployeeList.EmployeeData -->
