<?xml version="1.0" encoding="UTF-8"?>
<!-- Generated by org.testng.reporters.JUnitReportReporter -->
<testsuite hostname="MSI" name="com.AddEmployee.ValidatingFunctionalityOF_F_M_LName" tests="5" failures="0" timestamp="25 Dec 2022 10:02:22 GMT" time="17.240" errors="0">
  <testcase name="loginFunctionalityOfOHRM" time="1.390" classname="com.AddEmployee.ValidatingFunctionalityOF_F_M_LName"/>
  <testcase name="ValidatingFunctionalityOfAddEmployeeName" time="9.301" classname="com.AddEmployee.ValidatingFunctionalityOF_F_M_LName"/>
  <testcase name="ValidatingLoginPage" time="0.683" classname="com.AddEmployee.ValidatingFunctionalityOF_F_M_LName"/>
  <testcase name="OHRM_Homepage" time="5.776" classname="com.AddEmployee.ValidatingFunctionalityOF_F_M_LName"/>
  <testcase name="addEmployeePageText" time="0.090" classname="com.AddEmployee.ValidatingFunctionalityOF_F_M_LName"/>
</testsuite> <!-- com.AddEmployee.ValidatingFunctionalityOF_F_M_LName -->
