<?xml version="1.0" encoding="UTF-8"?>
<!-- Generated by org.testng.reporters.JUnitReportReporter -->
<testsuite hostname="MSI" name="com.LoginwithMultipleData.LogoutPageFuntionality" tests="4" failures="0" timestamp="14 Dec 2022 07:59:33 GMT" time="44.592" errors="0">
  <testcase name="logOut" time="0.363" classname="com.LoginwithMultipleData.LogoutPageFuntionality"/>
  <testcase name="ValidatingLoginPage" time="0.503" classname="com.LoginwithMultipleData.LogoutPageFuntionality"/>
  <testcase name="loginFunctionalityOfOHRM" time="43.393" classname="com.LoginwithMultipleData.LogoutPageFuntionality"/>
  <testcase name="OHRM_Homepage" time="0.333" classname="com.LoginwithMultipleData.LogoutPageFuntionality"/>
</testsuite> <!-- com.LoginwithMultipleData.LogoutPageFuntionality -->
