<?xml version="1.0" encoding="UTF-8"?>
<!-- Generated by org.testng.reporters.JUnitReportReporter -->
<testsuite hostname="MSI" name="com.EmployeeList.DynamicEmployeeData" tests="5" failures="0" timestamp="25 Dec 2022 10:17:07 GMT" time="20.660" errors="0">
  <testcase name="OHRM_Homepage" time="7.917" classname="com.EmployeeList.DynamicEmployeeData"/>
  <testcase name="ValidatingLoginPage" time="0.616" classname="com.EmployeeList.DynamicEmployeeData"/>
  <testcase name="loginFunctionalityOfOHRM" time="1.175" classname="com.EmployeeList.DynamicEmployeeData"/>
  <testcase name="employeeDataWrite" time="8.848" classname="com.EmployeeList.DynamicEmployeeData"/>
  <testcase name="ValidatingEmloyeeList" time="2.104" classname="com.EmployeeList.DynamicEmployeeData"/>
</testsuite> <!-- com.EmployeeList.DynamicEmployeeData -->
