<?xml version="1.0" encoding="UTF-8"?>
<!-- Generated by org.testng.reporters.JUnitReportReporter -->
<testsuite hostname="MSI" name="com.LoginwithMultipleData.VallidatingLoginPage" tests="1" failures="0" timestamp="15 Jun 2023 07:59:38 GMT" time="0.636" errors="0">
  <testcase name="ValidatingLoginPage" time="0.636" classname="com.LoginwithMultipleData.VallidatingLoginPage"/>
</testsuite> <!-- com.LoginwithMultipleData.VallidatingLoginPage -->
