<?xml version="1.0" encoding="UTF-8"?>
<!-- Generated by org.testng.reporters.JUnitReportReporter -->
<testsuite hostname="MSI" name="com.EmployeeList.ValidatingHomePageOfOHRM" tests="3" failures="0" timestamp="25 Dec 2022 10:11:18 GMT" time="9.766" errors="0">
  <testcase name="ValidatingLoginPage" time="0.626" classname="com.EmployeeList.ValidatingHomePageOfOHRM"/>
  <testcase name="OHRM_Homepage" time="7.893" classname="com.EmployeeList.ValidatingHomePageOfOHRM"/>
  <testcase name="loginFunctionalityOfOHRM" time="1.247" classname="com.EmployeeList.ValidatingHomePageOfOHRM"/>
</testsuite> <!-- com.EmployeeList.ValidatingHomePageOfOHRM -->
