<?xml version="1.0" encoding="UTF-8"?>
<!-- Generated by org.testng.reporters.JUnitReportReporter -->
<testsuite hostname="MSI" name="com.AddEmployee.ValidatingHomePageOfOHRM" tests="3" failures="0" timestamp="25 Dec 2022 09:44:37 GMT" time="7.812" errors="0">
  <testcase name="ValidatingLoginPage" time="0.664" classname="com.AddEmployee.ValidatingHomePageOfOHRM"/>
  <testcase name="loginFunctionalityOfOHRM" time="1.400" classname="com.AddEmployee.ValidatingHomePageOfOHRM"/>
  <testcase name="OHRM_Homepage" time="5.748" classname="com.AddEmployee.ValidatingHomePageOfOHRM"/>
</testsuite> <!-- com.AddEmployee.ValidatingHomePageOfOHRM -->
