<?xml version="1.0" encoding="UTF-8"?>
<!-- Generated by org.testng.reporters.JUnitReportReporter -->
<testsuite hostname="MSI" name="com.EmployeeList.ValidatingEmloyeeListPage" tests="4" failures="0" timestamp="25 Dec 2022 10:13:29 GMT" time="11.822" errors="0">
  <testcase name="ValidatingLoginPage" time="0.615" classname="com.EmployeeList.ValidatingEmloyeeListPage"/>
  <testcase name="loginFunctionalityOfOHRM" time="1.233" classname="com.EmployeeList.ValidatingEmloyeeListPage"/>
  <testcase name="ValidatingEmloyeeList" time="2.089" classname="com.EmployeeList.ValidatingEmloyeeListPage"/>
  <testcase name="OHRM_Homepage" time="7.885" classname="com.EmployeeList.ValidatingEmloyeeListPage"/>
</testsuite> <!-- com.EmployeeList.ValidatingEmloyeeListPage -->
