<?xml version="1.0" encoding="UTF-8"?>
<!-- Generated by org.testng.reporters.JUnitReportReporter -->
<testsuite hostname="MSI" name="com.LoginwithMultipleData.ValidatingLogOutPage" tests="3" failures="0" timestamp="15 Jun 2023 08:00:35 GMT" time="15.944" errors="0">
  <testcase name="loginFunctionalityOfOHRM" time="15.200" classname="com.LoginwithMultipleData.ValidatingLogOutPage"/>
  <testcase name="logoutPageValidation" time="0.168" classname="com.LoginwithMultipleData.ValidatingLogOutPage"/>
  <testcase name="ValidatingLoginPage" time="0.576" classname="com.LoginwithMultipleData.ValidatingLogOutPage"/>
</testsuite> <!-- com.LoginwithMultipleData.ValidatingLogOutPage -->
