<?xml version="1.0" encoding="UTF-8"?>
<!-- Generated by org.testng.reporters.JUnitReportReporter -->
<testsuite hostname="MSI" name="com.AddEmployee.LogOutPageValidation" tests="7" failures="0" timestamp="14 Dec 2022 19:17:29 GMT" time="16.486" errors="0">
  <testcase name="ValidatingLoginPage" time="0.475" classname="com.AddEmployee.LogOutPageValidation"/>
  <testcase name="OHRM_Homepage" time="7.601" classname="com.AddEmployee.LogOutPageValidation"/>
  <testcase name="loginFunctionalityOfOHRM" time="0.956" classname="com.AddEmployee.LogOutPageValidation"/>
  <testcase name="ValidatingFunctionalityOfAddEmployeeName" time="6.700" classname="com.AddEmployee.LogOutPageValidation"/>
  <testcase name="addEmployeePageText" time="0.079" classname="com.AddEmployee.LogOutPageValidation"/>
  <testcase name="logOutPage" time="0.068" classname="com.AddEmployee.LogOutPageValidation"/>
  <testcase name="logOut" time="0.607" classname="com.AddEmployee.LogOutPageValidation"/>
</testsuite> <!-- com.AddEmployee.LogOutPageValidation -->
