<?xml version="1.0" encoding="UTF-8"?>
<!-- Generated by org.testng.reporters.JUnitReportReporter -->
<testsuite hostname="MSI" name="com.LoginwithMultipleData.LoginFunctionality" tests="2" failures="0" timestamp="25 Dec 2022 09:36:24 GMT" time="19.528" errors="0">
  <testcase name="ValidatingLoginPage" time="1.106" classname="com.LoginwithMultipleData.LoginFunctionality"/>
  <testcase name="loginFunctionalityOfOHRM" time="18.422" classname="com.LoginwithMultipleData.LoginFunctionality"/>
</testsuite> <!-- com.LoginwithMultipleData.LoginFunctionality -->
