<?xml version="1.0" encoding="UTF-8"?>
<!-- Generated by org.testng.reporters.JUnitReportReporter -->
<testsuite hostname="MSI" name="com.EmployeeList.VallidatingLoginPage" tests="1" failures="0" timestamp="25 Dec 2022 10:06:25 GMT" time="0.611" errors="0">
  <testcase name="ValidatingLoginPage" time="0.611" classname="com.EmployeeList.VallidatingLoginPage"/>
</testsuite> <!-- com.EmployeeList.VallidatingLoginPage -->
