<?xml version="1.0" encoding="UTF-8"?>
<!-- Generated by org.testng.reporters.JUnitReportReporter -->
<testsuite hostname="MSI" name="com.AddEmployee.ValidatingAddEmployeePage" tests="4" failures="0" timestamp="25 Dec 2022 09:46:34 GMT" time="7.768" errors="0">
  <testcase name="loginFunctionalityOfOHRM" time="1.240" classname="com.AddEmployee.ValidatingAddEmployeePage"/>
  <testcase name="ValidatingLoginPage" time="0.641" classname="com.AddEmployee.ValidatingAddEmployeePage"/>
  <testcase name="OHRM_Homepage" time="5.796" classname="com.AddEmployee.ValidatingAddEmployeePage"/>
  <testcase name="addEmployeePageText" time="0.091" classname="com.AddEmployee.ValidatingAddEmployeePage"/>
</testsuite> <!-- com.AddEmployee.ValidatingAddEmployeePage -->
