<?xml version="1.0" encoding="UTF-8"?>
<!-- Generated by org.testng.reporters.JUnitReportReporter -->
<testsuite hostname="MSI" name="com.LoginwithMultipleData.ValidatingHomePageOfOHRM" tests="3" failures="0" timestamp="14 Dec 2022 07:46:18 GMT" time="44.117" errors="0">
  <testcase name="loginFunctionalityOfOHRM" time="43.298" classname="com.LoginwithMultipleData.ValidatingHomePageOfOHRM"/>
  <testcase name="OHRM_Homepage" time="0.306" classname="com.LoginwithMultipleData.ValidatingHomePageOfOHRM"/>
  <testcase name="ValidatingLoginPage" time="0.513" classname="com.LoginwithMultipleData.ValidatingHomePageOfOHRM"/>
</testsuite> <!-- com.LoginwithMultipleData.ValidatingHomePageOfOHRM -->
