<?xml version="1.0" encoding="UTF-8"?>
<!-- Generated by org.testng.reporters.JUnitReportReporter -->
<testsuite hostname="MSI" name="com.EmployeeList.StaticEmployeeData" tests="5" failures="0" timestamp="14 Dec 2022 19:03:52 GMT" time="17.185" errors="0">
  <testcase name="ValidatingEmloyeeList" time="2.077" classname="com.EmployeeList.StaticEmployeeData"/>
  <testcase name="StaticEmployeeWrite" time="5.918" classname="com.EmployeeList.StaticEmployeeData"/>
  <testcase name="ValidatingLoginPage" time="0.474" classname="com.EmployeeList.StaticEmployeeData"/>
  <testcase name="loginFunctionalityOfOHRM" time="0.931" classname="com.EmployeeList.StaticEmployeeData"/>
  <testcase name="OHRM_Homepage" time="7.785" classname="com.EmployeeList.StaticEmployeeData"/>
</testsuite> <!-- com.EmployeeList.StaticEmployeeData -->
