<?xml version="1.0" encoding="UTF-8"?>
<!-- Generated by org.testng.reporters.JUnitReportReporter -->
<testsuite hostname="MSI" name="com.WindowBasedOperations.ChoosingPicsFromWindow" tests="1" failures="0" timestamp="20 Dec 2022 11:25:56 GMT" time="18.365" errors="0">
  <testcase name="ChoosingPic" time="18.365" classname="com.WindowBasedOperations.ChoosingPicsFromWindow"/>
</testsuite> <!-- com.WindowBasedOperations.ChoosingPicsFromWindow -->
