<?xml version="1.0" encoding="UTF-8"?>
<!-- Generated by org.testng.reporters.JUnitReportReporter -->
<testsuite hostname="MSI" name="com.AddEmployee.LoginFunctionality" tests="2" failures="0" timestamp="25 Dec 2022 09:40:06 GMT" time="3.142" errors="0">
  <testcase name="ValidatingLoginPage" time="0.854" classname="com.AddEmployee.LoginFunctionality"/>
  <testcase name="loginFunctionalityOfOHRM" time="2.288" classname="com.AddEmployee.LoginFunctionality"/>
</testsuite> <!-- com.AddEmployee.LoginFunctionality -->
