<?xml version="1.0" encoding="UTF-8"?>
<!-- Generated by org.testng.reporters.JUnitReportReporter -->
<testsuite hostname="MSI" name="com.AddEmployee.VallidatingLoginPage" tests="1" failures="0" timestamp="25 Dec 2022 09:25:10 GMT" time="1.051" errors="0">
  <testcase name="ValidatingLoginPage" time="1.051" classname="com.AddEmployee.VallidatingLoginPage"/>
</testsuite> <!-- com.AddEmployee.VallidatingLoginPage -->
