<?xml version="1.0" encoding="UTF-8"?>
<!-- Generated by org.testng.reporters.JUnitReportReporter -->
<testsuite hostname="MSI" name="com.EmployeeList.LogOutPageValidation" tests="4" failures="0" timestamp="14 Dec 2022 19:11:32 GMT" time="11.211" errors="0">
  <testcase name="ValidatingEmloyeeList" time="2.089" classname="com.EmployeeList.LogOutPageValidation"/>
  <testcase name="ValidatingLoginPage" time="0.474" classname="com.EmployeeList.LogOutPageValidation"/>
  <testcase name="loginFunctionalityOfOHRM" time="0.937" classname="com.EmployeeList.LogOutPageValidation"/>
  <testcase name="OHRM_Homepage" time="7.711" classname="com.EmployeeList.LogOutPageValidation"/>
</testsuite> <!-- com.EmployeeList.LogOutPageValidation -->
