<?xml version="1.0" encoding="UTF-8"?>
<!-- Generated by org.testng.reporters.JUnitReportReporter -->
<testsuite hostname="MSI" name="com.EmployeeList.LoginFunctionality" tests="2" failures="0" timestamp="25 Dec 2022 10:08:11 GMT" time="1.787" errors="0">
  <testcase name="ValidatingLoginPage" time="0.620" classname="com.EmployeeList.LoginFunctionality"/>
  <testcase name="loginFunctionalityOfOHRM" time="1.167" classname="com.EmployeeList.LoginFunctionality"/>
</testsuite> <!-- com.EmployeeList.LoginFunctionality -->
