<?xml version="1.0" encoding="UTF-8"?>
<!-- Generated by org.testng.reporters.JUnitReportReporter -->
<testsuite hostname="MSI" name="com.Loginfunctionality.FacebookAccount" tests="1" failures="0" timestamp="25 Dec 2022 15:19:46 GMT" time="10.848" errors="0">
  <testcase name="accountCreation" time="10.848" classname="com.Loginfunctionality.FacebookAccount"/>
</testsuite> <!-- com.Loginfunctionality.FacebookAccount -->
