<?xml version="1.0" encoding="UTF-8"?>
<!-- Generated by org.testng.reporters.JUnitReportReporter -->
<testsuite hostname="MSI" name="com.Login.LoginPageValidation" tests="1" failures="0" timestamp="28 Aug 2023 10:49:21 GMT" time="1.020" errors="0">
  <testcase name="loginpageValidation" time="1.020" classname="com.Login.LoginPageValidation"/>
</testsuite> <!-- com.Login.LoginPageValidation -->
