<?xml version="1.0" encoding="UTF-8"?>
<!-- Generated by org.testng.reporters.JUnitReportReporter -->
<testsuite hostname="MSI" name="com.AddEmployee.AddEmployee_V_F" tests="3" failures="0" timestamp="29 Aug 2023 11:46:29 GMT" time="13.979" errors="0">
  <testcase name="homeValidation" time="1.997" classname="com.AddEmployee.AddEmployee_V_F"/>
  <testcase name="loginValidation" time="0.825" classname="com.AddEmployee.AddEmployee_V_F"/>
  <testcase name="addEmployee" time="11.157" classname="com.AddEmployee.AddEmployee_V_F"/>
</testsuite> <!-- com.AddEmployee.AddEmployee_V_F -->
