<?xml version="1.0" encoding="UTF-8"?>
<!-- Generated by org.testng.reporters.JUnitReportReporter -->
<testsuite hostname="MSI" name="com.Login.LoginPageFunctionality" tests="2" failures="0" timestamp="28 Aug 2023 12:13:10 GMT" time="4.530" errors="0">
  <testcase name="loginpageValidation" time="0.490" classname="com.Login.LoginPageFunctionality"/>
  <testcase name="loginFunctionality" time="4.040" classname="com.Login.LoginPageFunctionality"/>
</testsuite> <!-- com.Login.LoginPageFunctionality -->
