<?xml version="1.0" encoding="UTF-8"?>
<!-- Generated by org.testng.reporters.JUnitReportReporter -->
<testsuite hostname="MSI" name="com.Login.LogoutPageValidation" tests="3" failures="0" timestamp="29 Aug 2023 14:02:19 GMT" time="6.140" errors="0">
  <testcase name="loginFunctionality" time="5.467" classname="com.Login.LogoutPageValidation"/>
  <testcase name="loginpageValidation" time="0.601" classname="com.Login.LogoutPageValidation"/>
  <testcase name="logoutValidation" time="0.072" classname="com.Login.LogoutPageValidation"/>
</testsuite> <!-- com.Login.LogoutPageValidation -->
