<?xml version="1.0" encoding="UTF-8"?>
<!-- Generated by org.testng.reporters.JUnitReportReporter -->
<testsuite hostname="MSI" name="com.AddEmployee.LoginPageValidation" tests="1" failures="0" timestamp="28 Aug 2023 12:24:28 GMT" time="0.510" errors="0">
  <testcase name="loginValidation" time="0.510" classname="com.AddEmployee.LoginPageValidation"/>
</testsuite> <!-- com.AddEmployee.LoginPageValidation -->
