<?xml version="1.0" encoding="UTF-8"?>
<!-- Generated by org.testng.reporters.JUnitReportReporter -->
<testsuite hostname="MSI" name="com.AddEmployee.HomepageValidation" tests="2" failures="0" timestamp="28 Aug 2023 12:30:30 GMT" time="1.460" errors="0">
  <testcase name="homeValidation" time="0.998" classname="com.AddEmployee.HomepageValidation"/>
  <testcase name="loginValidation" time="0.462" classname="com.AddEmployee.HomepageValidation"/>
</testsuite> <!-- com.AddEmployee.HomepageValidation -->
