<?xml version="1.0" encoding="UTF-8"?>
<!-- Generated by org.testng.reporters.JUnitReportReporter -->
<testsuite hostname="MSI" name="com.LoginFunctionality.LoginFunctionality" tests="2" failures="0" timestamp="15 Jun 2023 07:48:27 GMT" time="17.955" errors="1">
  <testcase name="LoginFunctionalityOfOrangeHRM" time="17.375" classname="com.LoginFunctionality.LoginFunctionality">
    <error type="org.apache.poi.POIXMLException" message="java.lang.NullPointerException">
      <![CDATA[org.apache.poi.POIXMLException: java.lang.NullPointerException
	at org.apache.poi.POIXMLDocument.getProperties(POIXMLDocument.java:168)
	at org.apache.poi.POIXMLDocument.write(POIXMLDocument.java:246)
	at com.LoginFunctionality.LoginFunctionality.LoginFunctionalityOfOrangeHRM(LoginFunctionality.java:125)
	at sun.reflect.NativeMethodAccessorImpl.invoke0(Native Method)
	at sun.reflect.NativeMethodAccessorImpl.invoke(Unknown Source)
	at sun.reflect.DelegatingMethodAccessorImpl.invoke(Unknown Source)
	at java.lang.reflect.Method.invoke(Unknown Source)
	at org.testng.internal.MethodInvocationHelper.invokeMethod(MethodInvocationHelper.java:86)
	at org.testng.internal.Invoker.invokeMethod(Invoker.java:645)
	at org.testng.internal.Invoker.invokeTestMethod(Invoker.java:822)
	at org.testng.internal.Invoker.invokeTestMethods(Invoker.java:1130)
	at org.testng.internal.TestMethodWorker.invokeTestMethods(TestMethodWorker.java:129)
	at org.testng.internal.TestMethodWorker.run(TestMethodWorker.java:112)
	at org.testng.TestRunner.privateRun(TestRunner.java:782)
	at org.testng.TestRunner.run(TestRunner.java:632)
	at org.testng.SuiteRunner.runTest(SuiteRunner.java:366)
	at org.testng.SuiteRunner.runSequentially(SuiteRunner.java:361)
	at org.testng.SuiteRunner.privateRun(SuiteRunner.java:319)
	at org.testng.SuiteRunner.run(SuiteRunner.java:268)
	at org.testng.SuiteRunnerWorker.runSuite(SuiteRunnerWorker.java:52)
	at org.testng.SuiteRunnerWorker.run(SuiteRunnerWorker.java:86)
	at org.testng.TestNG.runSuitesSequentially(TestNG.java:1244)
	at org.testng.TestNG.runSuitesLocally(TestNG.java:1169)
	at org.testng.TestNG.run(TestNG.java:1064)
	at org.testng.remote.RemoteTestNG.run(RemoteTestNG.java:113)
	at org.testng.remote.RemoteTestNG.initAndRun(RemoteTestNG.java:206)
	at org.testng.remote.RemoteTestNG.main(RemoteTestNG.java:177)
Caused by: java.lang.NullPointerException
	at org.apache.poi.openxml4j.util.ZipSecureFile$ThresholdInputStream.read(ZipSecureFile.java:207)
	at com.sun.org.apache.xerces.internal.impl.XMLEntityManager$RewindableInputStream.read(Unknown Source)
	at com.sun.org.apache.xerces.internal.impl.XMLEntityManager.setupCurrentEntity(Unknown Source)
	at com.sun.org.apache.xerces.internal.impl.XMLVersionDetector.determineDocVersion(Unknown Source)
	at com.sun.org.apache.xerces.internal.parsers.XML11Configuration.parse(Unknown Source)
	at com.sun.org.apache.xerces.internal.parsers.XML11Configuration.parse(Unknown Source)
	at com.sun.org.apache.xerces.internal.parsers.XMLParser.parse(Unknown Source)
	at com.sun.org.apache.xerces.internal.parsers.DOMParser.parse(Unknown Source)
	at com.sun.org.apache.xerces.internal.jaxp.DocumentBuilderImpl.parse(Unknown Source)
	at javax.xml.parsers.DocumentBuilder.parse(Unknown Source)
	at org.apache.poi.util.DocumentHelper.readDocument(DocumentHelper.java:137)
	at org.apache.poi.POIXMLTypeLoader.parse(POIXMLTypeLoader.java:115)
	at org.openxmlformats.schemas.officeDocument.x2006.extendedProperties.PropertiesDocument$Factory.parse(Unknown Source)
	at org.apache.poi.POIXMLProperties.<init>(POIXMLProperties.java:78)
	at org.apache.poi.POIXMLDocument.getProperties(POIXMLDocument.java:166)
	... 26 more
]]>
    </error>
  </testcase> <!-- LoginFunctionalityOfOrangeHRM -->
  <testcase name="loginPage" time="0.580" classname="com.LoginFunctionality.LoginFunctionality"/>
</testsuite> <!-- com.LoginFunctionality.LoginFunctionality -->
