<?xml version="1.0" encoding="UTF-8"?>
<!-- Generated by org.testng.reporters.JUnitReportReporter -->
<testsuite hostname="MSI" name="com.AddEmployeeFunctionality.Login" tests="1" failures="0" timestamp="6 Jul 2023 05:35:11 GMT" time="3.317" errors="0">
  <testcase name="LoginPageValidation" time="3.317" classname="com.AddEmployeeFunctionality.Login"/>
</testsuite> <!-- com.AddEmployeeFunctionality.Login -->
