<?xml version="1.0" encoding="UTF-8"?>
<!-- Generated by org.testng.reporters.JUnitReportReporter -->
<testsuite hostname="MSI" name="com.EmployeeList.EmployeeList" tests="2" failures="0" timestamp="11 Jul 2023 11:17:43 GMT" time="3.157" errors="0">
  <testcase name="employeeListValidation" time="0.956" classname="com.EmployeeList.EmployeeList"/>
  <testcase name="LoginPageValidation" time="2.201" classname="com.EmployeeList.EmployeeList"/>
</testsuite> <!-- com.EmployeeList.EmployeeList -->
