<?xml version="1.0" encoding="UTF-8"?>
<!-- Generated by org.testng.reporters.JUnitReportReporter -->
<testsuite hostname="MSI" name="com.EmployeeList.DynamicEmployeeList" tests="3" failures="0" timestamp="11 Jul 2023 11:33:09 GMT" time="4.575" errors="0">
  <testcase name="employeeListValidation" time="1.348" classname="com.EmployeeList.DynamicEmployeeList"/>
  <testcase name="LoginPageValidation" time="3.036" classname="com.EmployeeList.DynamicEmployeeList"/>
  <testcase name="dynamicEmployeeListValidation" time="0.191" classname="com.EmployeeList.DynamicEmployeeList"/>
</testsuite> <!-- com.EmployeeList.DynamicEmployeeList -->
