<?xml version="1.0" encoding="UTF-8"?>
<!-- Generated by org.testng.reporters.JUnitReportReporter -->
<testsuite hostname="MSI" name="com.EmployeeList.Login" tests="1" failures="0" timestamp="11 Jul 2023 11:16:28 GMT" time="2.384" errors="0">
  <testcase name="LoginPageValidation" time="2.384" classname="com.EmployeeList.Login"/>
</testsuite> <!-- com.EmployeeList.Login -->
