<?xml version="1.0" encoding="UTF-8"?>
<!-- Generated by org.testng.reporters.JUnitReportReporter -->
<testsuite hostname="MSI" name="com.LoginFunctionality.LogOutValidation" tests="3" failures="0" timestamp="28 Aug 2023 12:10:23 GMT" time="17.891" errors="0">
  <testcase name="logOutValidationOfOHRM" time="0.190" classname="com.LoginFunctionality.LogOutValidation"/>
  <testcase name="LoginFunctionalityOfOrangeHRM" time="17.061" classname="com.LoginFunctionality.LogOutValidation"/>
  <testcase name="loginPage" time="0.640" classname="com.LoginFunctionality.LogOutValidation"/>
</testsuite> <!-- com.LoginFunctionality.LogOutValidation -->
