<?xml version="1.0" encoding="UTF-8"?>
<!-- Generated by org.testng.reporters.JUnitReportReporter -->
<testsuite hostname="MSI" name="com.LoginFunctionality.LoginPageValidation" tests="1" failures="0" timestamp="15 Jun 2023 06:17:34 GMT" time="0.644" errors="0">
  <testcase name="loginPage" time="0.644" classname="com.LoginFunctionality.LoginPageValidation"/>
</testsuite> <!-- com.LoginFunctionality.LoginPageValidation -->
