<?xml version="1.0" encoding="UTF-8"?>
<!-- Generated by org.testng.reporters.JUnitReportReporter -->
<testsuite hostname="MSI" name="com.AddEmployeeFunctionality.AddEmployee" tests="3" failures="0" timestamp="8 Jul 2023 04:54:34 GMT" time="15.122" errors="0">
  <testcase name="validatingAddEmployeePage" time="2.043" classname="com.AddEmployeeFunctionality.AddEmployee"/>
  <testcase name="addingEmployee" time="11.861" classname="com.AddEmployeeFunctionality.AddEmployee"/>
  <testcase name="LoginPageValidation" time="1.218" classname="com.AddEmployeeFunctionality.AddEmployee"/>
</testsuite> <!-- com.AddEmployeeFunctionality.AddEmployee -->
