<?xml version="1.0" encoding="UTF-8"?>
<!-- Generated by org.testng.reporters.JUnitReportReporter -->
<testsuite hostname="MSI" name="com.AddEmployeeFunctionality.LogOut" tests="4" failures="0" timestamp="28 Aug 2023 12:10:23 GMT" time="20.969" errors="0">
  <testcase name="validatingAddEmployeePage" time="2.436" classname="com.AddEmployeeFunctionality.LogOut"/>
  <testcase name="logOutFunctionality" time="2.580" classname="com.AddEmployeeFunctionality.LogOut"/>
  <testcase name="LoginPageValidation" time="1.094" classname="com.AddEmployeeFunctionality.LogOut"/>
  <testcase name="addingEmployee" time="14.859" classname="com.AddEmployeeFunctionality.LogOut"/>
</testsuite> <!-- com.AddEmployeeFunctionality.LogOut -->
