<?xml version="1.0" encoding="UTF-8"?>
<!-- Generated by org.testng.reporters.JUnitReportReporter -->
<testsuite hostname="MSI" name="com.OrangeHRMApplicationTestCases_PagesTest.OrangeHRMApplicationLoginPageTest" tests="3" failures="0" timestamp="23 Dec 2022 14:25:22 GMT" time="11.823" errors="0">
  <testcase name="OHRMLoginFuctionalityTest" time="5.462" classname="com.OrangeHRMApplicationTestCases_PagesTest.OrangeHRMApplicationLoginPageTest"/>
  <testcase name="OHRMLoginPagetextValidationTest" time="3.018" classname="com.OrangeHRMApplicationTestCases_PagesTest.OrangeHRMApplicationLoginPageTest"/>
  <testcase name="OHRMLoginPageImageValidationTest" time="3.343" classname="com.OrangeHRMApplicationTestCases_PagesTest.OrangeHRMApplicationLoginPageTest"/>
</testsuite> <!-- com.OrangeHRMApplicationTestCases_PagesTest.OrangeHRMApplicationLoginPageTest -->
